{"short":"XVlBzgbaiC","long":"http%3A%2F%2Fqwerty.com%2F%0D"}
{"short":"rcHnxkLokC","long":"http%3A%2F%2Ftest.com%0D"}
{"short":"VipTuBBnuU","long":"http%3A%2F%2Fpikabu.ru%0D"}
{"short":"ocXakbTswH","long":"https://www.youtube.com"}
{"short":"XkpTLQcCjU","long":""}
{"short":"gZZQKYEwcK","long":"https://www.youtube.com"}
{"short":"shTGcUkBMY","long":"https://www.youtube.com"}
{"short":"MWetuqqWYT","long":""}
{"short":"lmiMHjfygf","long":"https://www.youtube.com"}
{"short":"zCHRrmKXLM","long":"https://www.youtube.com"}
{"short":"FaoXnJoAyK","long":""}
{"short":"lcuKpsPkRQ","long":"https://www.youtube.com"}
{"short":"PZWDLcJQeN","long":"https://www.youtube.com"}
{"short":"MqZxMvLSul","long":""}
{"short":"ELBabXUoqy","long":"https://www.youtube.com"}
{"short":"oHZfpOQuud","long":"https://www.youtube.com"}
{"short":"YytYmNEHTW","long":""}
{"short":"tGBTUkilYt","long":"https://www.youtube.com"}
{"short":"qzVtGzEEaL","long":"https://www.youtube.com"}
{"short":"RKagrHhNnm","long":""}
{"short":"WSThndWTlr","long":"https://www.youtube.com"}
{"short":"FzcUtmyefX","long":"https://www.youtube.com"}
{"short":"pjXhsezvQn","long":""}
{"short":"LrHPMpOXxW","long":"https://www.youtube.com"}
{"short":"KWQojkhAjP","long":"https://www.youtube.com"}
{"short":"mVwjAnCHOw","long":""}
{"short":"eaagLxoLnp","long":"https://www.youtube.com"}
{"short":"ESAqZfVtov","long":"https://www.youtube.com"}
{"short":"lazskwVHoF","long":""}
{"short":"uqnFWASiym","long":"https://www.youtube.com"}
{"short":"nHAnNbFUXj","long":"https://www.youtube.com"}
{"short":"NXKAkajaiG","long":""}
{"short":"nCsxiSYMdr","long":"https://www.youtube.com"}
{"short":"dXMkboxEmR","long":"https://www.youtube.com"}
{"short":"WqCNuajPYi","long":""}
{"short":"XXMIAqVOmh","long":"https://www.youtube.com"}
{"short":"etDyCYUlON","long":"https://www.youtube.com"}
{"short":"YaZPjQbRhr","long":""}
{"short":"SkcyFGsBcF","long":"https://www.youtube.com"}
{"short":"kTeSapEUwW","long":"https://www.youtube.com"}
{"short":"WyeyukLZZJ","long":""}
{"short":"BGIXaCDupb","long":"https://www.youtube.com"}
{"short":"ncAIjTSRYL","long":"https://www.youtube.com"}
{"short":"WBSlqgnyvQ","long":""}
{"short":"uQptEULblo","long":"https://www.youtube.com"}
{"short":"RjQABrgwIq","long":"https://www.youtube.com"}
{"short":"kwmkmVwrTr","long":""}
{"short":"YmxAAmHqFt","long":"https://www.youtube.com"}
{"short":"wnEKgHTuqz","long":"https://www.youtube.com"}
{"short":"focLrHsknz","long":""}
{"short":"iQvIEwAVvB","long":"https://www.youtube.com"}
{"short":"zveemSXDPU","long":""}
{"short":"cKcDgjsrBz","long":"https://www.youtube.com"}
{"short":"TTBZMQaPok","long":"https://www.youtube.com"}
